<?xml version="1.0" encoding="UTF-8"?>
<coverage generated="1523757994568" clover="3.2.0">
  <project timestamp="1523757994568" name="All files">
    <metrics statements="29" coveredstatements="28" conditionals="1" coveredconditionals="1" methods="2" coveredmethods="2" elements="32" coveredelements="31" complexity="0" loc="29" ncloc="29" packages="2" files="4" classes="4">
      <package name="helpers">
        <metrics statements="3" coveredstatements="3" conditionals="0" coveredconditionals="0" methods="0" coveredmethods="0"/>
        <file name="accounts.js" path="/home/nico/Desktop/public_repos/node_menu_tx/tests/helpers/accounts.js">
          <metrics statements="2" coveredstatements="2" conditionals="0" coveredconditionals="0" methods="0" coveredmethods="0"/>
          <line num="1" count="2" type="stmt"/>
          <line num="2" count="2" type="stmt"/>
        </file>
        <file name="web3.js" path="/home/nico/Desktop/public_repos/node_menu_tx/tests/helpers/web3.js">
          <metrics statements="1" coveredstatements="1" conditionals="0" coveredconditionals="0" methods="0" coveredmethods="0"/>
          <line num="3" count="2" type="stmt"/>
        </file>
      </package>
      <package name="mocks">
        <metrics statements="26" coveredstatements="25" conditionals="1" coveredconditionals="1" methods="2" coveredmethods="2"/>
        <file name="send_ether_mock.js" path="/home/nico/Desktop/public_repos/node_menu_tx/tests/mocks/send_ether_mock.js">
          <metrics statements="12" coveredstatements="11" conditionals="0" coveredconditionals="0" methods="1" coveredmethods="1"/>
          <line num="17" count="1" type="stmt"/>
          <line num="19" count="1" type="stmt"/>
          <line num="21" count="1" type="stmt"/>
          <line num="23" count="1" type="stmt"/>
          <line num="25" count="1" type="stmt"/>
          <line num="27" count="1" type="stmt"/>
          <line num="29" count="1" type="stmt"/>
          <line num="41" count="1" type="stmt"/>
          <line num="43" count="1" type="stmt"/>
          <line num="45" count="1" type="stmt"/>
          <line num="47" count="1" type="stmt"/>
          <line num="50" count="0" type="stmt"/>
        </file>
        <file name="tx_builder_mock.js" path="/home/nico/Desktop/public_repos/node_menu_tx/tests/mocks/tx_builder_mock.js">
          <metrics statements="14" coveredstatements="14" conditionals="1" coveredconditionals="1" methods="1" coveredmethods="1"/>
          <line num="2" count="2" type="stmt"/>
          <line num="3" count="2" type="stmt"/>
          <line num="22" count="2" type="stmt"/>
          <line num="24" count="2" type="stmt"/>
          <line num="25" count="2" type="stmt"/>
          <line num="26" count="2" type="stmt"/>
          <line num="27" count="2" type="stmt"/>
          <line num="32" count="2" type="cond" truecount="1" falsecount="0"/>
          <line num="34" count="2" type="stmt"/>
          <line num="41" count="2" type="stmt"/>
          <line num="44" count="2" type="stmt"/>
          <line num="46" count="2" type="stmt"/>
          <line num="48" count="2" type="stmt"/>
          <line num="50" count="2" type="stmt"/>
        </file>
      </package>
    </metrics>
  </project>
</coverage>
