{"/home/nico/Desktop/public_repos/node_menu_tx/tests/helpers/accounts.js": {"path":"/home/nico/Desktop/public_repos/node_menu_tx/tests/helpers/accounts.js","statementMap":{"0":{"start":{"line":1,"column":23},"end":{"line":1,"column":67}},"1":{"start":{"line":2,"column":25},"end":{"line":2,"column":69}}},"fnMap":{},"branchMap":{},"s":{"0":2,"1":2},"f":{},"b":{},"_coverageSchema":"332fd63041d2c1bcb487cc26dd0d5f7d97098a6c","hash":"6e6d2d3bb34d31fe2a3f1ee524f36449ce938ef0"}
,"/home/nico/Desktop/public_repos/node_menu_tx/tests/helpers/web3.js": {"path":"/home/nico/Desktop/public_repos/node_menu_tx/tests/helpers/web3.js","statementMap":{"0":{"start":{"line":3,"column":11},"end":{"line":3,"column":77}}},"fnMap":{},"branchMap":{},"s":{"0":2},"f":{},"b":{},"_coverageSchema":"332fd63041d2c1bcb487cc26dd0d5f7d97098a6c","hash":"ba08c4164d256b1c1c53fc1d85b140570b424484"}
,"/home/nico/Desktop/public_repos/node_menu_tx/tests/mocks/send_ether_mock.js": {"path":"/home/nico/Desktop/public_repos/node_menu_tx/tests/mocks/send_ether_mock.js","statementMap":{"0":{"start":{"line":17,"column":16},"end":{"line":17,"column":47}},"1":{"start":{"line":19,"column":19},"end":{"line":19,"column":108}},"2":{"start":{"line":21,"column":19},"end":{"line":21,"column":47}},"3":{"start":{"line":23,"column":16},"end":{"line":23,"column":66}},"4":{"start":{"line":25,"column":21},"end":{"line":25,"column":39}},"5":{"start":{"line":27,"column":2},"end":{"line":27,"column":38}},"6":{"start":{"line":29,"column":15},"end":{"line":39,"column":3}},"7":{"start":{"line":41,"column":2},"end":{"line":51,"column":3}},"8":{"start":{"line":43,"column":16},"end":{"line":43,"column":33}},"9":{"start":{"line":45,"column":4},"end":{"line":45,"column":46}},"10":{"start":{"line":47,"column":4},"end":{"line":48,"column":34}},"11":{"start":{"line":50,"column":4},"end":{"line":50,"column":23}}},"fnMap":{"0":{"name":"sendEther","decl":{"start":{"line":15,"column":15},"end":{"line":15,"column":24}},"loc":{"start":{"line":15,"column":27},"end":{"line":53,"column":1}},"line":15}},"branchMap":{},"s":{"0":1,"1":1,"2":1,"3":1,"4":1,"5":1,"6":1,"7":1,"8":1,"9":1,"10":1,"11":0},"f":{"0":1},"b":{},"_coverageSchema":"332fd63041d2c1bcb487cc26dd0d5f7d97098a6c","hash":"a47a77e9b33e6e4bc86543aa295897aba1aaa874"}
,"/home/nico/Desktop/public_repos/node_menu_tx/tests/mocks/tx_builder_mock.js": {"path":"/home/nico/Desktop/public_repos/node_menu_tx/tests/mocks/tx_builder_mock.js","statementMap":{"0":{"start":{"line":2,"column":9},"end":{"line":2,"column":33}},"1":{"start":{"line":3,"column":0},"end":{"line":3,"column":27}},"2":{"start":{"line":22,"column":19},"end":{"line":22,"column":61}},"3":{"start":{"line":24,"column":19},"end":{"line":24,"column":42}},"4":{"start":{"line":25,"column":19},"end":{"line":25,"column":42}},"5":{"start":{"line":26,"column":19},"end":{"line":26,"column":45}},"6":{"start":{"line":27,"column":19},"end":{"line":27,"column":45}},"7":{"start":{"line":32,"column":2},"end":{"line":42,"column":3}},"8":{"start":{"line":34,"column":4},"end":{"line":40,"column":6}},"9":{"start":{"line":41,"column":4},"end":{"line":41,"column":10}},"10":{"start":{"line":44,"column":11},"end":{"line":44,"column":24}},"11":{"start":{"line":46,"column":2},"end":{"line":46,"column":22}},"12":{"start":{"line":48,"column":21},"end":{"line":48,"column":35}},"13":{"start":{"line":50,"column":2},"end":{"line":50,"column":22}}},"fnMap":{"0":{"name":"txBuilder","decl":{"start":{"line":18,"column":9},"end":{"line":18,"column":18}},"loc":{"start":{"line":18,"column":118},"end":{"line":51,"column":1}},"line":18}},"branchMap":{"0":{"loc":{"start":{"line":32,"column":2},"end":{"line":42,"column":3}},"type":"switch","locations":[{"start":{"line":33,"column":4},"end":{"line":41,"column":10}}],"line":32}},"s":{"0":2,"1":2,"2":2,"3":2,"4":2,"5":2,"6":2,"7":2,"8":2,"9":2,"10":2,"11":2,"12":2,"13":2},"f":{"0":2},"b":{"0":[2]},"_coverageSchema":"332fd63041d2c1bcb487cc26dd0d5f7d97098a6c","hash":"d97364223575361d09e6fdc86a0f12a92a281fcf"}
}
