TN:
SF:/home/nico/Desktop/public_repos/node_menu_tx/tests/helpers/accounts.js
FNF:0
FNH:0
DA:1,2
DA:2,2
LF:2
LH:2
BRF:0
BRH:0
end_of_record
TN:
SF:/home/nico/Desktop/public_repos/node_menu_tx/tests/helpers/web3.js
FNF:0
FNH:0
DA:3,2
LF:1
LH:1
BRF:0
BRH:0
end_of_record
TN:
SF:/home/nico/Desktop/public_repos/node_menu_tx/tests/mocks/send_ether_mock.js
FN:15,sendEther
FNF:1
FNH:1
FNDA:1,sendEther
DA:17,1
DA:19,1
DA:21,1
DA:23,1
DA:25,1
DA:27,1
DA:29,1
DA:41,1
DA:43,1
DA:45,1
DA:47,1
DA:50,0
LF:12
LH:11
BRF:0
BRH:0
end_of_record
TN:
SF:/home/nico/Desktop/public_repos/node_menu_tx/tests/mocks/tx_builder_mock.js
FN:16,txBuilder
FNF:1
FNH:1
FNDA:2,txBuilder
DA:2,2
DA:3,2
DA:20,2
DA:22,2
DA:23,2
DA:24,2
DA:25,2
DA:30,2
DA:32,2
DA:39,2
DA:42,2
DA:44,2
DA:46,2
DA:48,2
LF:14
LH:14
BRDA:30,0,0,2
BRF:1
BRH:1
end_of_record
